{
  "stats": {
    "suites": 1,
    "tests": 1,
    "passes": 1,
    "pending": 0,
    "failures": 0,
    "start": "2024-08-25T16:37:18.914Z",
    "end": "2024-08-25T16:37:30.055Z",
    "duration": 11141,
    "testsRegistered": 1,
    "passPercent": 100,
    "pendingPercent": 0,
    "other": 0,
    "hasOther": false,
    "skipped": 0,
    "hasSkipped": false
  },
  "results": [
    {
      "uuid": "9c580318-17ae-47e2-ab2c-3aa2bef5a72f",
      "title": "",
      "fullFile": "cypress/integration/examples/FakeTest2.js",
      "file": "cypress/integration/examples/FakeTest2.js",
      "beforeHooks": [],
      "afterHooks": [],
      "tests": [],
      "suites": [
        {
          "uuid": "7067ec3e-d45e-42fe-a439-57b956d6c709",
          "title": "My First Test Suit",
          "fullFile": "",
          "file": "",
          "beforeHooks": [],
          "afterHooks": [],
          "tests": [
            {
              "title": "My First case",
              "fullTitle": "My First Test Suit My First case",
              "timedOut": null,
              "duration": 8425,
              "state": "passed",
              "speed": "medium",
              "pass": true,
              "fail": false,
              "pending": false,
              "context": null,
              "code": "cy.visit('https://rahulshettyacademy.com/angularAppdemo/');\ncy.intercept('GET', 'https://rahulshettyacademy.com/Library/GetBook.php?AuthorName=shetty', function (req) {\n  req.url = 'https://rahulshettyacademy.com/Library/GetBook.php?AuthorName=a';\n  req[\"continue\"](function (res) {\n    //expect(res.statusCode).to.equal(403)\n  });\n}).as('aut');\ncy.get('button.btn').click();\ncy.wait('@aut');",
              "err": {},
              "uuid": "d692126b-f645-47d4-8d44-2a583d0604d0",
              "parentUUID": "7067ec3e-d45e-42fe-a439-57b956d6c709",
              "isHook": false,
              "skipped": false
            }
          ],
          "suites": [],
          "passes": [
            "d692126b-f645-47d4-8d44-2a583d0604d0"
          ],
          "failures": [],
          "pending": [],
          "skipped": [],
          "duration": 8425,
          "root": false,
          "rootEmpty": false,
          "_timeout": 2000
        }
      ],
      "passes": [],
      "failures": [],
      "pending": [],
      "skipped": [],
      "duration": 0,
      "root": true,
      "rootEmpty": true,
      "_timeout": 2000
    }
  ],
  "meta": {
    "mocha": {
      "version": "7.0.1"
    },
    "mochawesome": {
      "options": {
        "quiet": false,
        "reportFilename": "mochawesome",
        "saveHtml": false,
        "saveJson": true,
        "consoleReporter": "spec",
        "useInlineDiffs": false,
        "code": true
      },
      "version": "7.1.3"
    },
    "marge": {
      "options": {
        "overwrite": false,
        "html": false,
        "json": true,
        "reportDir": "cypress/reports/html/.jsons"
      },
      "version": "6.2.0"
    }
  }
}